


----------------------------------------------------------------------------
                              POINT: DESIGN
----------------------------------------------------------------------------
                       PERFORMANCE CHARACTERISTICS
    Mach      Alt       W      Fn      Fg    Fram     OPR     TSFC      BPR 
 0.80000  35000.0 344.303  5900.0 14232.2  8332.2  30.094  0.63072    5.105
------------------------------------------------------------------------------------------------------------------------------------------------
                            FLOW STATIONS
------------------------------------------------------------------------------------------------------------------------------------------------
------------------------------------------------------------------------------------------------------------------------------------------------
Flow Station           |          tot:P        tot:T        tot:h        tot:S       stat:P       stat:W      stat:MN       stat:V    stat:area
------------------------------------------------------------------------------------------------------------------------------------------------
DESIGN.fc.Fl_O         |          5.273      444.404      -23.983        1.665        3.458      344.303        0.800      778.619     2687.027
DESIGN.inlet.Fl_O      |          5.267      444.404      -23.983        1.665        3.623      344.303        0.751      735.912     2750.930
DESIGN.fan.Fl_O        |          8.876      524.338       -4.822        1.668        7.687      344.303        0.458      503.511     2388.267
DESIGN.splitter.Fl_O1  |          8.876      524.338       -4.822        1.668        8.302       56.397        0.310      345.152      540.175
DESIGN.splitter.Fl_O2  |          8.876      524.338       -4.822        1.668        7.715      287.906        0.452      497.172     2017.239
DESIGN.duct4.Fl_O      |          8.833      524.338       -4.822        1.669        8.256       56.397        0.312      347.007      540.160
DESIGN.lpc.Fl_O        |         17.092      641.883       23.430        1.672       16.019       56.397        0.306      376.175      314.644
DESIGN.duct6.Fl_O      |         16.919      641.883       23.430        1.673       15.499       56.397        0.356      436.748      278.279
DESIGN.hpc.Fl_O        |        158.515     1276.476      180.824        1.689      152.230       49.884        0.244      419.921       52.574
DESIGN.bld3.Fl_O       |        158.515     1276.476      180.824        1.689      149.148       41.480        0.300      514.548       36.216
DESIGN.burner.Fl_O     |        149.955     2857.000      176.427        1.947      148.948       42.514        0.102      256.960      169.041
DESIGN.hpt.Fl_O        |         41.484     2052.072        9.419        1.932       38.045       50.918        0.365      776.801      184.766
DESIGN.duct11.Fl_O     |         41.273     2052.072        9.419        1.933       38.826       50.918        0.306      653.736      216.439
DESIGN.lpt.Fl_O        |          9.454     1443.644     -132.958        1.934        8.446       54.921        0.413      741.996      655.808
DESIGN.duct13.Fl_O     |          9.353     1443.644     -132.958        1.935        8.200       54.921        0.446      800.599      623.049
DESIGN.core_nozz.Fl_O  |          9.353     1443.644     -132.958        1.935        5.014       54.921        1.000     1689.874      425.187
DESIGN.byp_bld.Fl_O    |          8.876      524.338       -4.822        1.668        7.729      286.467        0.449      494.104     2017.081
DESIGN.duct15.Fl_O     |          8.743      524.338       -4.822        1.669        7.567      286.467        0.459      504.672     2013.471
DESIGN.byp_nozz.Fl_O   |          8.743      524.338       -4.822        1.669        4.617      286.467        1.000     1024.915     1410.699
------------------------------------------------------------------------------------------------------------------------------------------------
-------------------------------------------------------------------------------------------------------------------------------------------------------------------------------------------------------
                          COMPRESSOR PROPERTIES
-------------------------------------------------------------------------------------------------------------------------------------------------------------------------------------------------------
Compressor    |           Wc         Pr      eta_a      eta_p         Nc        pwr   RlineMap      NcMap      PRmap      WcMap   alphaMap        SMN        SMW     effMap
-------------------------------------------------------------------------------------------------------------------------------------------------------------------------------------------------------
DESIGN.fan    |      889.176      1.685      0.895      0.902   5040.927  -9334.121      2.200      0.990      1.685    803.556      0.000     36.641     29.886      0.895
DESIGN.lpc    |       94.343      1.935      0.924      0.931   4640.810  -2254.348      2.150      1.000      1.935     87.666      0.000     15.987     15.644      0.924
DESIGN.hpc    |       54.495      9.369      0.871      0.903  13219.143 -11833.790      2.050      0.976      9.374     49.454      0.000     22.598     22.468      0.871
-------------------------------------------------------------------------------------------------------------------------------------------------------------------------------------------------------
---------------------------------------------------------------------------
                            BURNER PROPERTIES
---------------------------------------------------------------------------
Burner              |           dPqP        TtOut        Wfuel          FAR
DESIGN.burner       |         0.0540      2857.00       1.0337      0.02492
--------------------------------------------------------------------------------------------------------------------------------------
                            TURBINE PROPERTIES
--------------------------------------------------------------------------------------------------------------------------------------
Turbine       |             Wp           PR        eff_a        eff_p           Np          pwr        NpMap        PRmap     alphaMap
DESIGN.hpt    |         15.154        3.615        0.889        0.873      275.125    12083.790      100.000        6.000        1.000
DESIGN.lpt    |         55.886        4.366        0.900        0.881      103.005    11588.469      100.000        6.000        1.000
-------------------------------------------------------------------------------------------------------------------------
                            NOZZLE PROPERTIES
-------------------------------------------------------------------------------------------------------------------------
Nozzle        |             PR           Cv          Cfg          Ath         MNth        MNout            V           Fg
DESIGN.core_nozz|          2.705        0.993        N/A        425.187        1.000        1.000     1689.874     3526.770
DESIGN.byp_nozz|          2.528        0.994        N/A       1410.699        1.000        1.000     1024.915    10705.455
---------------------------------------------------------------------------------------------------------------------------
                            SHAFT PROPERTIES
---------------------------------------------------------------------------------------------------------------------------
Shaft               |                 Nmech               trqin              trqout               pwrin              pwrout
DESIGN.hp_shaft     |             14705.700            4315.700           -4226.413           12083.783          -11833.783
DESIGN.lp_shaft     |              4666.100           13043.852          -13043.852           11588.463          -11588.463
--------------------------------------------------------------------------------------------------------------------
                            BLEED PROPERTIES
--------------------------------------------------------------------------------------------------------------------
Bleed                 |         Wb/Win        Pfrac     Workfrac            W           Tt           ht           Pt
DESIGN.hpc.cool1      |          0.051        0.500        0.500        2.860      964.609      102.127       87.717
DESIGN.hpc.cool2      |          0.020        0.550        0.500        1.143      964.609      102.127       94.797
DESIGN.hpc.cust       |          0.044        0.500        0.500        2.510      964.609      102.127       87.717
DESIGN.bld3.cool3     |          0.067        1.000        1.000        3.353     1276.476      180.824      158.515
DESIGN.bld3.cool4     |          0.101        1.000        1.000        5.051     1276.476      180.824      158.515
DESIGN.byp_bld.bypBld |          0.005        1.000        1.000        1.440      524.338       -4.822        8.876



----------------------------------------------------------------------------
                              POINT: OD_part_pwr
----------------------------------------------------------------------------
                       PERFORMANCE CHARACTERISTICS
    Mach      Alt       W      Fn      Fg    Fram     OPR     TSFC      BPR 
 0.80000  35000.0 324.633  4720.0 12576.2  7856.2  25.213  0.61883    5.615
------------------------------------------------------------------------------------------------------------------------------------------------
                            FLOW STATIONS
------------------------------------------------------------------------------------------------------------------------------------------------
------------------------------------------------------------------------------------------------------------------------------------------------
Flow Station           |          tot:P        tot:T        tot:h        tot:S       stat:P       stat:W      stat:MN       stat:V    stat:area
------------------------------------------------------------------------------------------------------------------------------------------------
OD_part_pwr.fc.Fl_O    |          5.273      444.404      -23.983        1.665        3.458      324.633        0.800      778.619     2533.518
OD_part_pwr.inlet.Fl_O |          5.267      444.404      -23.983        1.665        3.930      324.633        0.660      654.682     2750.930
OD_part_pwr.fan.Fl_O   |          8.405      513.336       -7.461        1.667        7.319      324.633        0.449      488.900     2388.267
OD_part_pwr.splitter.Fl|          8.405      513.336       -7.461        1.667        7.962       49.077        0.279      307.712      540.175
OD_part_pwr.splitter.Fl|          8.405      513.336       -7.461        1.667        7.306      275.557        0.452      491.936     2017.239
OD_part_pwr.duct4.Fl_O |          8.365      513.336       -7.461        1.667        7.919       49.077        0.281      309.332      540.160
OD_part_pwr.lpc.Fl_O   |         15.095      614.359       16.803        1.670       14.220       49.077        0.294      353.461      314.644
OD_part_pwr.duct6.Fl_O |         14.943      614.359       16.803        1.671       13.786       49.077        0.341      409.774      278.279
OD_part_pwr.hpc.Fl_O   |        132.808     1205.007      162.519        1.687      127.441       43.409        0.246      411.927       52.574
OD_part_pwr.bld3.Fl_O  |        132.808     1205.007      162.519        1.687      124.807       36.096        0.303      504.889       36.216
OD_part_pwr.burner.Fl_O|        125.636     2661.045      158.946        1.935      124.792       36.907        0.102      247.986      169.041
OD_part_pwr.hpt.Fl_O   |         34.572     1902.390        3.161        1.921       31.686       44.220        0.365      750.559      184.766
OD_part_pwr.duct11.Fl_O|         34.396     1902.390        3.161        1.922       32.343       44.220        0.307      631.625      216.439
OD_part_pwr.lpt.Fl_O   |          7.878     1333.826     -127.920        1.924        7.035       47.704        0.412      714.521      655.808
OD_part_pwr.duct13.Fl_O|          7.793     1333.826     -127.920        1.925        6.829       47.704        0.446      770.934      623.049
OD_part_pwr.core_nozz.F|          7.793     1333.826     -127.920        1.925        4.168       47.704        1.000     1626.182      425.187
OD_part_pwr.byp_bld.Fl_|          8.405      513.336       -7.461        1.667        7.319      274.179        0.449      488.901     2017.081
OD_part_pwr.duct15.Fl_O|          8.280      513.336       -7.461        1.668        7.166      274.179        0.459      499.357     2013.471
OD_part_pwr.byp_nozz.Fl|          8.280      513.336       -7.461        1.668        4.373      274.179        1.000     1014.106     1410.699
------------------------------------------------------------------------------------------------------------------------------------------------
-------------------------------------------------------------------------------------------------------------------------------------------------------------------------------------------------------
                          COMPRESSOR PROPERTIES
-------------------------------------------------------------------------------------------------------------------------------------------------------------------------------------------------------
Compressor    |           Wc         Pr      eta_a      eta_p         Nc        pwr   RlineMap      NcMap      PRmap      WcMap   alphaMap        SMN        SMW     effMap
-------------------------------------------------------------------------------------------------------------------------------------------------------------------------------------------------------
OD_part_pwr.fan|      838.377      1.596      0.922      0.927   4647.508  -7588.728      2.012      0.913      1.596    757.649      0.000     41.356     31.201      0.922
OD_part_pwr.lpc|       85.778      1.805      0.933      0.938   4324.226  -1684.812      1.691      0.932      1.805     79.708      0.000     13.952     13.465      0.933
OD_part_pwr.hpc|       52.530      8.888      0.873      0.904  13095.122  -9533.732      2.056      0.967      8.893     47.671      0.000     24.258     24.583      0.873
-------------------------------------------------------------------------------------------------------------------------------------------------------------------------------------------------------
---------------------------------------------------------------------------
                            BURNER PROPERTIES
---------------------------------------------------------------------------
Burner              |           dPqP        TtOut        Wfuel          FAR
OD_part_pwr.burner  |         0.0540      2661.05       0.8114      0.02248
--------------------------------------------------------------------------------------------------------------------------------------
                            TURBINE PROPERTIES
--------------------------------------------------------------------------------------------------------------------------------------
Turbine       |             Wp           PR        eff_a        eff_p           Np          pwr        NpMap        PRmap     alphaMap
OD_part_pwr.hpt|         15.154        3.634        0.889        0.873      276.280     9783.732      100.420        6.037        1.000
OD_part_pwr.lpt|         56.075        4.366        0.896        0.877       98.631     9273.540       95.754        6.001        1.000
-------------------------------------------------------------------------------------------------------------------------
                            NOZZLE PROPERTIES
-------------------------------------------------------------------------------------------------------------------------
Nozzle        |             PR           Cv          Cfg          Ath         MNth        MNout            V           Fg
OD_part_pwr.core_nozz|          2.254        0.993        N/A        425.187        1.000        1.000     1626.182     2696.727
OD_part_pwr.byp_nozz|          2.394        0.994        N/A       1410.699        1.000        1.000     1014.106     9879.478
---------------------------------------------------------------------------------------------------------------------------
                            SHAFT PROPERTIES
---------------------------------------------------------------------------------------------------------------------------
Shaft               |                 Nmech               trqin              trqout               pwrin              pwrout
OD_part_pwr.hp_shaft|             14251.973            3605.483           -3513.353            9783.727           -9533.727
OD_part_pwr.lp_shaft|              4301.935           11321.802          -11321.802            9273.535           -9273.535
-------------------------------------------------------------------------------------------------------------------------
                            BLEED PROPERTIES
-------------------------------------------------------------------------------------------------------------------------
Bleed                      |         Wb/Win        Pfrac     Workfrac            W           Tt           ht           Pt
OD_part_pwr.hpc.cool1      |          0.051        0.500        0.500        2.489      914.127       89.661       73.875
OD_part_pwr.hpc.cool2      |          0.020        0.550        0.500        0.995      914.127       89.661       79.768
OD_part_pwr.hpc.cust       |          0.044        0.500        0.500        2.184      914.127       89.661       73.875
OD_part_pwr.bld3.cool3     |          0.067        1.000        1.000        2.918     1205.007      162.519      132.808
OD_part_pwr.bld3.cool4     |          0.101        1.000        1.000        4.395     1205.007      162.519      132.808
OD_part_pwr.byp_bld.bypBld |          0.005        1.000        1.000        1.378      513.336       -7.461        8.405
